[2025-05-20T14:58:25.047402209] Viewed all books
[2025-05-20T14:58:28.821860061] Sorted by: Title
[2025-05-20T14:58:46.594706731] Search for: garden
[2025-05-20T14:58:50.261792752] Invalid menu choice: 8
[2025-05-20T14:58:53.739778575] Exited program
[2025-05-20T14:58:53.747684749] Program started and menu displayed.
[2025-05-20T14:58:53.754994388] Viewed all books.
[2025-05-20T14:58:53.762647035] Sorted books by title.
[2025-05-20T15:05:21.375079849] Viewed all books
[2025-05-20T15:05:30.160091570] Sorted by: Title
[2025-05-20T15:05:36.309039213] Sorted by: Year
[2025-05-20T15:05:38.524300436] Invalid menu choice: 8
[2025-05-20T15:05:41.448578459] Exited program
[2025-05-20T15:05:41.456695580] Program started and menu displayed.
[2025-05-20T15:05:41.464161504] Viewed all books.
[2025-05-20T15:05:41.472098693] Sorted books by title.
[2025-05-20T15:12:37.718335576] Program started and menu displayed.
[2025-05-20T15:12:43.973631572] Viewed all books
[2025-05-20T15:12:47.206740003] Sorted by: Author
[2025-05-20T15:12:54.189431775] Search for: see
[2025-05-20T15:12:56.890418240] Exited program
[2025-05-20T15:35:55.054782907] Viewed all books
[2025-05-20T15:35:58.326020487] Sorted by: Year
[2025-05-20T15:36:02.689770021] Exited program
[2025-05-20T15:38:57.348808179] Sorted by: Author
[2025-05-20T15:39:09.649026294] Search for: key
[2025-05-20T15:39:13.030188256] Exited program
[2025-05-20T15:43:10.798690849] Viewed all books
[2025-05-20T15:43:13.418627995] Sorted by: Title
[2025-05-20T15:43:16.086872976] Sorted by: Author
[2025-05-20T15:43:18.423499465] Sorted by: Year
[2025-05-20T15:43:26.132341050] Search for: bgg
[2025-05-20T15:43:28.179768788] Exited program
[2025-05-20T15:46:09.847181365] Viewed all books
[2025-05-20T15:46:12.671734215] Sorted by: Title
[2025-05-20T15:46:15.221186703] Sorted by: Author
[2025-05-20T15:46:17.508744240] Sorted by: Year
[2025-05-20T15:46:25.687622536] Search for: ker
[2025-05-20T15:46:28.164800354] Exited program
